Case #1: 1 0
Case #2: 1 0
Case #3: 1 1
Case #4: 0 0
Case #5: 500 499
Case #6: 7 6
Case #7: 1 0
Case #8: 1 1
Case #9: 1 0
Case #10: 0 0
Case #11: 0 0
Case #12: 0 0
Case #13: 499 499
Case #14: 0 0
Case #15: 0 0
Case #16: 0 0
Case #17: 0 0
Case #18: 0 0
Case #19: 3 3
Case #20: 0 0
Case #21: 0 0
Case #22: 0 0
Case #23: 3 2
Case #24: 1 0
Case #25: 0 0
Case #26: 1 1
Case #27: 0 0
Case #28: 1 0
Case #29: 1 0
Case #30: 0 0
Case #31: 0 0
Case #32: 0 0
Case #33: 0 0
Case #34: 3 3
Case #35: 0 0
Case #36: 3 3
Case #37: 1 0
Case #38: 0 0
Case #39: 1 0
Case #40: 1 0
Case #41: 0 0
Case #42: 249 249
Case #43: 1 1
Case #44: 1 0
Case #45: 0 0
Case #46: 1 1
Case #47: 1 0
Case #48: 0 0
Case #49: 0 0
Case #50: 3 2
Case #51: 0 0
Case #52: 3 3
Case #53: 1 1
Case #54: 0 0
Case #55: 1 1
Case #56: 0 0
Case #57: 250 249
Case #58: 0 0
Case #59: 0 0
Case #60: 7 6
Case #61: 1 1
Case #62: 0 0
Case #63: 0 0
Case #64: 1 0
Case #65: 125 124
Case #66: 0 0
Case #67: 250 249
Case #68: 0 0
Case #69: 3 2
Case #70: 0 0
Case #71: 1 1
Case #72: 0 0
Case #73: 1 0
Case #74: 0 0
Case #75: 1 0
Case #76: 0 0
Case #77: 2 2
Case #78: 3 2
Case #79: 1 0
Case #80: 0 0
Case #81: 0 0
Case #82: 1 0
Case #83: 0 0
Case #84: 1 0
Case #85: 0 0
Case #86: 2 1
Case #87: 1 0
Case #88: 0 0
Case #89: 0 0
Case #90: 0 0
Case #91: 1 0
Case #92: 0 0
Case #93: 0 0
Case #94: 1 0
Case #95: 0 0
Case #96: 0 0
Case #97: 0 0
Case #98: 1 1
Case #99: 1 1
Case #100: 0 0
