Case #1: 1 0
Case #2: 1 0
Case #3: 1 1
Case #4: 0 0
Case #5: 500 499
Case #6: 7812 7811
Case #7: 0 0
Case #8: 1 1
Case #9: 0 0
Case #10: 0 0
Case #11: 499999 499999
Case #12: 0 0
Case #13: 0 0
Case #14: 500000 499999
Case #15: 0 0
Case #16: 2 2
Case #17: 1 0
Case #18: 1 1
Case #19: 0 0
Case #20: 1 0
Case #21: 0 0
Case #22: 7812 7811
Case #23: 0 0
Case #24: 0 0
Case #25: 0 0
Case #26: 1 0
Case #27: 3906 3905
Case #28: 249999 249999
Case #29: 1 0
Case #30: 0 0
Case #31: 0 0
Case #32: 0 0
Case #33: 0 0
Case #34: 1 1
Case #35: 0 0
Case #36: 0 0
Case #37: 0 0
Case #38: 0 0
Case #39: 1 1
Case #40: 2 1
Case #41: 3 2
Case #42: 1 0
Case #43: 0 0
Case #44: 1 1
Case #45: 1 1
Case #46: 1 0
Case #47: 1 0
Case #48: 0 0
Case #49: 0 0
Case #50: 1 0
Case #51: 0 0
Case #52: 1953 1952
Case #53: 1 0
Case #54: 0 0
Case #55: 1 1
Case #56: 250000 249999
Case #57: 0 0
Case #58: 0 0
Case #59: 0 0
Case #60: 0 0
Case #61: 1 0
Case #62: 1 1
Case #63: 0 0
Case #64: 1 0
Case #65: 1 1
Case #66: 0 0
Case #67: 0 0
Case #68: 1 0
Case #69: 0 0
Case #70: 0 0
Case #71: 1 0
Case #72: 1 0
Case #73: 0 0
Case #74: 0 0
Case #75: 0 0
Case #76: 3906 3905
Case #77: 1 0
Case #78: 1 0
Case #79: 1 0
Case #80: 0 0
Case #81: 0 0
Case #82: 0 0
Case #83: 0 0
Case #84: 125000 124999
Case #85: 1 0
Case #86: 0 0
Case #87: 1 0
Case #88: 0 0
Case #89: 250000 249999
Case #90: 3905 3905
Case #91: 0 0
Case #92: 1 1
Case #93: 3 2
Case #94: 0 0
Case #95: 0 0
Case #96: 0 0
Case #97: 0 0
Case #98: 0 0
Case #99: 3 2
Case #100: 0 0
